  Image.cpp
C:\Users\hoang\Downloads\COSC4370\src\Image.h(46,18): warning C4267: 'return': conversion from 'size_t' to 'int', possible loss of data
C:\Users\hoang\Downloads\COSC4370\src\Image.h(47,19): warning C4267: 'return': conversion from 'size_t' to 'int', possible loss of data
C:\Users\hoang\Downloads\COSC4370\src\Image.cpp(57,42): warning C4267: 'argument': conversion from 'size_t' to 'png_uint_32', possible loss of data
  main.cpp
C:\Users\hoang\Downloads\COSC4370\src\Image.cpp(67,43): warning C4267: 'argument': conversion from 'size_t' to 'int', possible loss of data
C:\Users\hoang\Downloads\COSC4370\src\Image.h(46,18): warning C4267: 'return': conversion from 'size_t' to 'int', possible loss of data
C:\Users\hoang\Downloads\COSC4370\src\Image.h(47,19): warning C4267: 'return': conversion from 'size_t' to 'int', possible loss of data
  Generating code
  0 of 533 functions ( 0.0%) were compiled, the rest were copied from previous compilation.
    0 functions were new in current compilation
    0 functions had inline decision re-evaluated but remain unchanged
  Finished generating code
zlib.lib(adler32.obj) : warning LNK4099: PDB 'zlib.pdb' was not found with 'zlib.lib(adler32.obj)' or at 'C:\Users\hoang\Downloads\COSC4370\x64\Release\zlib.pdb'; linking object as if no debug info
zlib.lib(crc32.obj) : warning LNK4099: PDB 'zlib.pdb' was not found with 'zlib.lib(crc32.obj)' or at 'C:\Users\hoang\Downloads\COSC4370\x64\Release\zlib.pdb'; linking object as if no debug info
zlib.lib(deflate.obj) : warning LNK4099: PDB 'zlib.pdb' was not found with 'zlib.lib(deflate.obj)' or at 'C:\Users\hoang\Downloads\COSC4370\x64\Release\zlib.pdb'; linking object as if no debug info
zlib.lib(inflate.obj) : warning LNK4099: PDB 'zlib.pdb' was not found with 'zlib.lib(inflate.obj)' or at 'C:\Users\hoang\Downloads\COSC4370\x64\Release\zlib.pdb'; linking object as if no debug info
zlib.lib(inftrees.obj) : warning LNK4099: PDB 'zlib.pdb' was not found with 'zlib.lib(inftrees.obj)' or at 'C:\Users\hoang\Downloads\COSC4370\x64\Release\zlib.pdb'; linking object as if no debug info
zlib.lib(inffast.obj) : warning LNK4099: PDB 'zlib.pdb' was not found with 'zlib.lib(inffast.obj)' or at 'C:\Users\hoang\Downloads\COSC4370\x64\Release\zlib.pdb'; linking object as if no debug info
zlib.lib(trees.obj) : warning LNK4099: PDB 'zlib.pdb' was not found with 'zlib.lib(trees.obj)' or at 'C:\Users\hoang\Downloads\COSC4370\x64\Release\zlib.pdb'; linking object as if no debug info
zlib.lib(zutil.obj) : warning LNK4099: PDB 'zlib.pdb' was not found with 'zlib.lib(zutil.obj)' or at 'C:\Users\hoang\Downloads\COSC4370\x64\Release\zlib.pdb'; linking object as if no debug info
  HW4-starter-code.vcxproj -> C:\Users\hoang\Downloads\COSC4370\x64\Release\HW4-starter-code.exe
